[15-Sep-2019 18:18:30 UTC] PHP Warning:  PHP Startup: Unable to load dynamic library './ext\php_interbase.dll' - The specified module could not be found.
 in Unknown on line 0
[15-Sep-2019 18:18:30 UTC] PHP Warning:  PHP Startup: Unable to load dynamic library './ext\php_oci8_12c.dll' - The specified module could not be found.
 in Unknown on line 0
[15-Sep-2019 18:18:30 UTC] PHP Warning:  PHP Startup: Unable to load dynamic library './ext\php_pdo_firebird.dll' - The specified module could not be found.
 in Unknown on line 0
[15-Sep-2019 18:18:30 UTC] PHP Warning:  PHP Startup: Unable to load dynamic library './ext\php_pdo_oci.dll' - The specified module could not be found.
 in Unknown on line 0
[15-Sep-2019 18:18:30 UTC] PHP Warning:  PHP Startup: Unable to load dynamic library './ext\php_interbase.dll' - The specified module could not be found.
 in Unknown on line 0
[15-Sep-2019 18:18:30 UTC] PHP Warning:  PHP Startup: Unable to load dynamic library './ext\php_oci8_12c.dll' - The specified module could not be found.
 in Unknown on line 0
[15-Sep-2019 18:18:30 UTC] PHP Warning:  PHP Startup: Unable to load dynamic library './ext\php_pdo_firebird.dll' - The specified module could not be found.
 in Unknown on line 0
[15-Sep-2019 18:18:30 UTC] PHP Warning:  PHP Startup: Unable to load dynamic library './ext\php_pdo_oci.dll' - The specified module could not be found.
 in Unknown on line 0
[15-Sep-2019 18:18:42 UTC] PHP Warning:  PHP Startup: Unable to load dynamic library './ext\php_interbase.dll' - The specified module could not be found.
 in Unknown on line 0
[15-Sep-2019 18:18:42 UTC] PHP Warning:  PHP Startup: Unable to load dynamic library './ext\php_oci8_12c.dll' - The specified module could not be found.
 in Unknown on line 0
[15-Sep-2019 18:18:42 UTC] PHP Warning:  PHP Startup: Unable to load dynamic library './ext\php_pdo_firebird.dll' - The specified module could not be found.
 in Unknown on line 0
[15-Sep-2019 18:18:42 UTC] PHP Warning:  PHP Startup: Unable to load dynamic library './ext\php_pdo_oci.dll' - The specified module could not be found.
 in Unknown on line 0
